<?xml version="1.0" encoding="UTF-8"?>
<testsuite name="me.dio.credit.application.system.repository.CreditRepositoryTest" tests="1" skipped="0" failures="0" errors="0" timestamp="2023-09-28T15:28:00" hostname="samir-dev" time="0.588">
  <properties/>
  <testcase name="should find all credits by customer id()" classname="me.dio.credit.application.system.repository.CreditRepositoryTest" time="0.588"/>
  <system-out><![CDATA[12:27:58.133 [Test worker] INFO org.springframework.test.context.support.AnnotationConfigContextLoaderUtils -- Could not detect default configuration classes for test class [me.dio.credit.application.system.repository.CreditRepositoryTest]: CreditRepositoryTest does not declare any static, non-private, non-final, nested classes annotated with @Configuration.
12:27:58.228 [Test worker] INFO org.springframework.boot.test.context.SpringBootTestContextBootstrapper -- Found @SpringBootConfiguration me.dio.credit.application.system.CreditApplicationSystemApplication for test class me.dio.credit.application.system.repository.CreditRepositoryTest

  .   ____          _            __ _ _
 /\\ / ___'_ __ _ _(_)_ __  __ _ \ \ \ \
( ( )\___ | '_ | '_| | '_ \/ _` | \ \ \ \
 \\/  ___)| |_)| | | | | || (_| |  ) ) ) )
  '  |____| .__|_| |_|_| |_\__, | / / / /
 =========|_|==============|___/=/_/_/_/
 :: Spring Boot ::                (v3.1.4)

2023-09-28T12:27:58.535-03:00  INFO 14267 --- [    Test worker] m.d.c.a.s.r.CreditRepositoryTest         : Starting CreditRepositoryTest using Java 19.0.2 with PID 14267 (started by samirgomes in /home/samirgomes/credit-application-system-1.0)
2023-09-28T12:27:58.536-03:00  INFO 14267 --- [    Test worker] m.d.c.a.s.r.CreditRepositoryTest         : The following 1 profile is active: "test"
2023-09-28T12:27:58.807-03:00  INFO 14267 --- [    Test worker] .s.d.r.c.RepositoryConfigurationDelegate : Bootstrapping Spring Data JPA repositories in DEFAULT mode.
2023-09-28T12:27:58.872-03:00  INFO 14267 --- [    Test worker] .s.d.r.c.RepositoryConfigurationDelegate : Finished Spring Data repository scanning in 59 ms. Found 2 JPA repository interfaces.
2023-09-28T12:27:59.133-03:00  INFO 14267 --- [    Test worker] o.f.c.internal.license.VersionPrinter    : Flyway Community Edition 9.16.3 by Redgate
2023-09-28T12:27:59.133-03:00  INFO 14267 --- [    Test worker] o.f.c.internal.license.VersionPrinter    : See release notes here: https://rd.gt/416ObMi
2023-09-28T12:27:59.133-03:00  INFO 14267 --- [    Test worker] o.f.c.internal.license.VersionPrinter    : 
2023-09-28T12:27:59.140-03:00  INFO 14267 --- [    Test worker] com.zaxxer.hikari.HikariDataSource       : HikariPool-1 - Starting...
2023-09-28T12:27:59.263-03:00  INFO 14267 --- [    Test worker] com.zaxxer.hikari.pool.HikariPool        : HikariPool-1 - Added connection conn0: url=jdbc:h2:mem:db user=SAMIR
2023-09-28T12:27:59.264-03:00  INFO 14267 --- [    Test worker] com.zaxxer.hikari.HikariDataSource       : HikariPool-1 - Start completed.
2023-09-28T12:27:59.273-03:00  INFO 14267 --- [    Test worker] o.f.c.i.database.base.BaseDatabaseType   : Database: jdbc:h2:mem:db (H2 2.1)
2023-09-28T12:27:59.313-03:00  INFO 14267 --- [    Test worker] o.f.c.i.s.JdbcTableSchemaHistory         : Schema history table "PUBLIC"."flyway_schema_history" does not exist yet
2023-09-28T12:27:59.316-03:00  INFO 14267 --- [    Test worker] o.f.core.internal.command.DbValidate     : Successfully validated 3 migrations (execution time 00:00.010s)
2023-09-28T12:27:59.320-03:00  INFO 14267 --- [    Test worker] o.f.c.i.s.JdbcTableSchemaHistory         : Creating Schema History table "PUBLIC"."flyway_schema_history" ...
2023-09-28T12:27:59.340-03:00  INFO 14267 --- [    Test worker] o.f.core.internal.command.DbMigrate      : Current version of schema "PUBLIC": << Empty Schema >>
2023-09-28T12:27:59.344-03:00  INFO 14267 --- [    Test worker] o.f.core.internal.command.DbMigrate      : Migrating schema "PUBLIC" to version "1 - create table customer"
2023-09-28T12:27:59.356-03:00  INFO 14267 --- [    Test worker] o.f.core.internal.command.DbMigrate      : Migrating schema "PUBLIC" to version "2 - create table credit"
2023-09-28T12:27:59.365-03:00  INFO 14267 --- [    Test worker] o.f.core.internal.command.DbMigrate      : Migrating schema "PUBLIC" to version "3 - add table customer"
2023-09-28T12:27:59.375-03:00  INFO 14267 --- [    Test worker] o.f.core.internal.command.DbMigrate      : Successfully applied 3 migrations to schema "PUBLIC", now at version v3 (execution time 00:00.037s)
2023-09-28T12:27:59.450-03:00  INFO 14267 --- [    Test worker] o.hibernate.jpa.internal.util.LogHelper  : HHH000204: Processing PersistenceUnitInfo [name: default]
2023-09-28T12:27:59.484-03:00  INFO 14267 --- [    Test worker] org.hibernate.Version                    : HHH000412: Hibernate ORM core version 6.2.9.Final
2023-09-28T12:27:59.486-03:00  INFO 14267 --- [    Test worker] org.hibernate.cfg.Environment            : HHH000406: Using bytecode reflection optimizer
2023-09-28T12:27:59.570-03:00  INFO 14267 --- [    Test worker] o.h.b.i.BytecodeProviderInitiator        : HHH000021: Bytecode provider name : bytebuddy
2023-09-28T12:27:59.657-03:00  INFO 14267 --- [    Test worker] o.s.o.j.p.SpringPersistenceUnitInfo      : No LoadTimeWeaver setup: ignoring JPA class transformer
2023-09-28T12:27:59.836-03:00  INFO 14267 --- [    Test worker] o.h.b.i.BytecodeProviderInitiator        : HHH000021: Bytecode provider name : bytebuddy
2023-09-28T12:28:00.249-03:00  INFO 14267 --- [    Test worker] o.h.e.t.j.p.i.JtaPlatformInitiator       : HHH000490: Using JtaPlatform implementation: [org.hibernate.engine.transaction.jta.platform.internal.NoJtaPlatform]
2023-09-28T12:28:00.252-03:00  INFO 14267 --- [    Test worker] j.LocalContainerEntityManagerFactoryBean : Initialized JPA EntityManagerFactory for persistence unit 'default'
2023-09-28T12:28:00.685-03:00  INFO 14267 --- [    Test worker] o.s.d.j.r.query.QueryEnhancerFactory     : Hibernate is in classpath; If applicable, HQL parser will be used.
2023-09-28T12:28:00.749-03:00  INFO 14267 --- [    Test worker] m.d.c.a.s.r.CreditRepositoryTest         : Started CreditRepositoryTest in 2.461 seconds (process running for 3.353)
Hibernate: 
    insert 
    into
        customer
        (street,zip_code,cpf,email,first_name,income,last_name,password,id) 
    values
        (?,?,?,?,?,?,?,?,default)
Hibernate: 
    insert 
    into
        credit
        (credit_code,credit_value,customer_id,day_first_installment,number_of_installments,status,id) 
    values
        (?,?,?,?,?,?,default)
Hibernate: 
    insert 
    into
        credit
        (credit_code,credit_value,customer_id,day_first_installment,number_of_installments,status,id) 
    values
        (?,?,?,?,?,?,default)
Hibernate: 
    SELECT
        * 
    FROM
        CREDIT 
    WHERE
        CUSTOMER_ID = ?
]]></system-out>
  <system-err><![CDATA[]]></system-err>
</testsuite>
